<?xml version="1.0" encoding="UTF-8"?>
<!-- Generated by org.testng.reporters.JUnitReportReporter -->
<testsuite hostname="OMAR-ABU-SNINEH" failures="0" tests="1" name="tutorialsninja.FirstClass" time="0.011" errors="0" timestamp="2025-01-02T12:38:01 EET" skipped="0">
  <testcase classname="tutorialsninja.FirstClass" name="myTest" time="0.011"/>
  <system-out/>
</testsuite> <!-- tutorialsninja.FirstClass -->
