<?xml version="1.0" encoding="UTF-8"?>
<!-- Generated by org.testng.reporters.JUnitReportReporter -->
<testsuite hostname="OMAR-ABU-SNINEH" failures="0" tests="1" name="tutorialsninja.register.TC_RF_001" time="0.006" errors="0" timestamp="2025-01-02T12:58:36 EET" skipped="0">
  <testcase classname="tutorialsninja.register.TC_RF_001" name="myTest" time="0.006"/>
  <system-out/>
</testsuite> <!-- tutorialsninja.register.TC_RF_001 -->
