<?xml version="1.0" encoding="UTF-8"?>
<!-- Generated by org.testng.reporters.JUnitReportReporter -->
<testsuite hostname="OMAR-ABU-SNINEH" failures="0" tests="1" name="TestProjectFeb.FirstClass" time="0.008" errors="0" timestamp="2025-01-01T10:03:48 EET" skipped="0">
  <testcase classname="TestProjectFeb.FirstClass" name="myTest" time="0.008"/>
  <system-out/>
</testsuite> <!-- TestProjectFeb.FirstClass -->
