<?xml version="1.0" encoding="UTF-8"?>
<!-- Generated by org.testng.reporters.JUnitReportReporter -->
<testsuite hostname="OMAR-ABU-SNINEH" failures="0" tests="1" name="tutorialsninja.register.TC_RF_001" time="2.240" errors="0" timestamp="2025-01-02T21:04:47 EET" skipped="0">
  <testcase classname="tutorialsninja.register.TC_RF_001" name="register" time="2.240"/>
  <system-out/>
</testsuite> <!-- tutorialsninja.register.TC_RF_001 -->
